Connecting to database specified by database.yml


Started GET "/assets/rails.png" for 127.0.0.1 at 2013-04-05 11:55:43 -0700
Served asset /rails.png - 404 Not Found (0ms)

ActionController::RoutingError (No route matches [GET] "/assets/rails.png"):
  actionpack (3.2.13) lib/action_dispatch/middleware/debug_exceptions.rb:21:in `call'
  actionpack (3.2.13) lib/action_dispatch/middleware/show_exceptions.rb:56:in `call'
  railties (3.2.13) lib/rails/rack/logger.rb:32:in `call_app'
  railties (3.2.13) lib/rails/rack/logger.rb:16:in `block in call'
  activesupport (3.2.13) lib/active_support/tagged_logging.rb:22:in `tagged'
  railties (3.2.13) lib/rails/rack/logger.rb:16:in `call'
  actionpack (3.2.13) lib/action_dispatch/middleware/request_id.rb:22:in `call'
  rack (1.4.5) lib/rack/runtime.rb:17:in `call'
  activesupport (3.2.13) lib/active_support/cache/strategy/local_cache.rb:72:in `call'
  rack (1.4.5) lib/rack/lock.rb:15:in `call'
  actionpack (3.2.13) lib/action_dispatch/middleware/static.rb:63:in `call'
  railties (3.2.13) lib/rails/engine.rb:479:in `call'
  railties (3.2.13) lib/rails/application.rb:223:in `call'
  rack (1.4.5) lib/rack/content_length.rb:14:in `call'
  railties (3.2.13) lib/rails/rack/log_tailer.rb:17:in `call'
  rack (1.4.5) lib/rack/handler/webrick.rb:59:in `service'
  /Users/michael/.rvm/rubies/ruby-1.9.3-p125/lib/ruby/1.9.1/webrick/httpserver.rb:138:in `service'
  /Users/michael/.rvm/rubies/ruby-1.9.3-p125/lib/ruby/1.9.1/webrick/httpserver.rb:94:in `run'
  /Users/michael/.rvm/rubies/ruby-1.9.3-p125/lib/ruby/1.9.1/webrick/server.rb:191:in `block in start_thread'


  Rendered /Users/michael/.rvm/gems/ruby-1.9.3-p125@rails32/gems/actionpack-3.2.13/lib/action_dispatch/middleware/templates/rescues/routing_error.erb within rescues/layout (1.8ms)
Connecting to database specified by database.yml


Started GET "/assets/rails.png" for 127.0.0.1 at 2013-04-05 14:55:00 -0700
Served asset /rails.png - 404 Not Found (0ms)

ActionController::RoutingError (No route matches [GET] "/assets/rails.png"):
  actionpack (3.2.13) lib/action_dispatch/middleware/debug_exceptions.rb:21:in `call'
  actionpack (3.2.13) lib/action_dispatch/middleware/show_exceptions.rb:56:in `call'
  railties (3.2.13) lib/rails/rack/logger.rb:32:in `call_app'
  railties (3.2.13) lib/rails/rack/logger.rb:16:in `block in call'
  activesupport (3.2.13) lib/active_support/tagged_logging.rb:22:in `tagged'
  railties (3.2.13) lib/rails/rack/logger.rb:16:in `call'
  actionpack (3.2.13) lib/action_dispatch/middleware/request_id.rb:22:in `call'
  rack (1.4.5) lib/rack/runtime.rb:17:in `call'
  activesupport (3.2.13) lib/active_support/cache/strategy/local_cache.rb:72:in `call'
  rack (1.4.5) lib/rack/lock.rb:15:in `call'
  actionpack (3.2.13) lib/action_dispatch/middleware/static.rb:63:in `call'
  railties (3.2.13) lib/rails/engine.rb:479:in `call'
  railties (3.2.13) lib/rails/application.rb:223:in `call'
  rack (1.4.5) lib/rack/content_length.rb:14:in `call'
  railties (3.2.13) lib/rails/rack/log_tailer.rb:17:in `call'
  rack (1.4.5) lib/rack/handler/webrick.rb:59:in `service'
  /Users/michael/.rvm/rubies/ruby-1.9.3-p125/lib/ruby/1.9.1/webrick/httpserver.rb:138:in `service'
  /Users/michael/.rvm/rubies/ruby-1.9.3-p125/lib/ruby/1.9.1/webrick/httpserver.rb:94:in `run'
  /Users/michael/.rvm/rubies/ruby-1.9.3-p125/lib/ruby/1.9.1/webrick/server.rb:191:in `block in start_thread'


  Rendered /Users/michael/.rvm/gems/ruby-1.9.3-p125@rails32/gems/actionpack-3.2.13/lib/action_dispatch/middleware/templates/rescues/routing_error.erb within rescues/layout (2.3ms)
Connecting to database specified by database.yml
Connecting to database specified by database.yml
  [1m[36m (0.1ms)[0m  [1mselect sqlite_version(*)[0m
  [1m[35m (2.1ms)[0m  CREATE TABLE "schema_migrations" ("version" varchar(255) NOT NULL) 
  [1m[36m (0.9ms)[0m  [1mCREATE UNIQUE INDEX "unique_schema_migrations" ON "schema_migrations" ("version")[0m
  [1m[35m (0.1ms)[0m  SELECT "schema_migrations"."version" FROM "schema_migrations" 
Migrating to CreateHotels (20130405220156)
  [1m[36m (0.0ms)[0m  [1mbegin transaction[0m
  [1m[35m (0.2ms)[0m  CREATE TABLE "hotels" ("id" INTEGER PRIMARY KEY AUTOINCREMENT NOT NULL, "name" varchar(255), "created_at" datetime NOT NULL, "updated_at" datetime NOT NULL) 
  [1m[36m (0.1ms)[0m  [1mINSERT INTO "schema_migrations" ("version") VALUES ('20130405220156')[0m
  [1m[35m (0.9ms)[0m  commit transaction
  [1m[36m (0.1ms)[0m  [1mSELECT "schema_migrations"."version" FROM "schema_migrations" [0m
Connecting to database specified by database.yml


Started GET "/assets/rails.png" for 127.0.0.1 at 2013-04-05 15:03:27 -0700
Served asset /rails.png - 404 Not Found (0ms)

ActionController::RoutingError (No route matches [GET] "/assets/rails.png"):
  actionpack (3.2.13) lib/action_dispatch/middleware/debug_exceptions.rb:21:in `call'
  actionpack (3.2.13) lib/action_dispatch/middleware/show_exceptions.rb:56:in `call'
  railties (3.2.13) lib/rails/rack/logger.rb:32:in `call_app'
  railties (3.2.13) lib/rails/rack/logger.rb:16:in `block in call'
  activesupport (3.2.13) lib/active_support/tagged_logging.rb:22:in `tagged'
  railties (3.2.13) lib/rails/rack/logger.rb:16:in `call'
  actionpack (3.2.13) lib/action_dispatch/middleware/request_id.rb:22:in `call'
  rack (1.4.5) lib/rack/runtime.rb:17:in `call'
  activesupport (3.2.13) lib/active_support/cache/strategy/local_cache.rb:72:in `call'
  rack (1.4.5) lib/rack/lock.rb:15:in `call'
  actionpack (3.2.13) lib/action_dispatch/middleware/static.rb:63:in `call'
  railties (3.2.13) lib/rails/engine.rb:479:in `call'
  railties (3.2.13) lib/rails/application.rb:223:in `call'
  rack (1.4.5) lib/rack/content_length.rb:14:in `call'
  railties (3.2.13) lib/rails/rack/log_tailer.rb:17:in `call'
  rack (1.4.5) lib/rack/handler/webrick.rb:59:in `service'
  /Users/michael/.rvm/rubies/ruby-1.9.3-p125/lib/ruby/1.9.1/webrick/httpserver.rb:138:in `service'
  /Users/michael/.rvm/rubies/ruby-1.9.3-p125/lib/ruby/1.9.1/webrick/httpserver.rb:94:in `run'
  /Users/michael/.rvm/rubies/ruby-1.9.3-p125/lib/ruby/1.9.1/webrick/server.rb:191:in `block in start_thread'


  Rendered /Users/michael/.rvm/gems/ruby-1.9.3-p125@rails32/gems/actionpack-3.2.13/lib/action_dispatch/middleware/templates/rescues/routing_error.erb within rescues/layout (1.2ms)


Started GET "/hotels" for 127.0.0.1 at 2013-04-05 15:03:35 -0700
Processing by HotelsController#index as HTML
  [1m[36mHotel Load (0.1ms)[0m  [1mSELECT "hotels".* FROM "hotels" [0m
Completed 200 OK in 15ms (Views: 0.1ms | ActiveRecord: 1.1ms)
Connecting to database specified by database.yml


Started GET "/hotels" for 127.0.0.1 at 2013-04-05 15:14:49 -0700
Processing by HotelsController#index as HTML
  [1m[35mHotel Load (0.1ms)[0m  SELECT "hotels".* FROM "hotels" 
Completed 200 OK in 5ms (Views: 1.4ms | ActiveRecord: 0.1ms)
Connecting to database specified by database.yml
  [1m[36m (0.1ms)[0m  [1mSELECT "schema_migrations"."version" FROM "schema_migrations" [0m
  [1m[35m (0.1ms)[0m  select sqlite_version(*)
  [1m[36m (1.9ms)[0m  [1mCREATE TABLE "hotels" ("id" INTEGER PRIMARY KEY AUTOINCREMENT NOT NULL, "name" varchar(255), "created_at" datetime NOT NULL, "updated_at" datetime NOT NULL) [0m
  [1m[35m (0.7ms)[0m  CREATE TABLE "schema_migrations" ("version" varchar(255) NOT NULL) 
  [1m[36m (0.5ms)[0m  [1mCREATE UNIQUE INDEX "unique_schema_migrations" ON "schema_migrations" ("version")[0m
  [1m[35m (0.0ms)[0m  SELECT version FROM "schema_migrations"
  [1m[36m (0.6ms)[0m  [1mINSERT INTO "schema_migrations" (version) VALUES ('20130405220156')[0m
Connecting to database specified by database.yml
  [1m[36m (0.3ms)[0m  [1mbegin transaction[0m
  [1m[35m (0.0ms)[0m  rollback transaction
  [1m[36m (0.0ms)[0m  [1mbegin transaction[0m
  [1m[35m (0.0ms)[0m  SAVEPOINT active_record_1
  [1m[36mSQL (2.9ms)[0m  [1mINSERT INTO "hotels" ("created_at", "name", "updated_at") VALUES (?, ?, ?)[0m  [["created_at", Fri, 05 Apr 2013 22:15:21 UTC +00:00], ["name", "MyString"], ["updated_at", Fri, 05 Apr 2013 22:15:21 UTC +00:00]]
  [1m[35m (0.0ms)[0m  RELEASE SAVEPOINT active_record_1
Processing by HotelsController#show as HTML
  Parameters: {"id"=>"2"}
  [1m[36mHotel Load (0.1ms)[0m  [1mSELECT "hotels".* FROM "hotels" WHERE "hotels"."id" = ? LIMIT 1[0m  [["id", "2"]]
Completed 200 OK in 2ms (Views: 0.8ms | ActiveRecord: 0.1ms)
  [1m[35m (0.5ms)[0m  rollback transaction
  [1m[36m (0.0ms)[0m  [1mbegin transaction[0m
Processing by HotelsController#create as HTML
  Parameters: {"hotel"=>{"name"=>"MyString"}}
  [1m[35m (0.0ms)[0m  SAVEPOINT active_record_1
  [1m[36mSQL (0.3ms)[0m  [1mINSERT INTO "hotels" ("created_at", "name", "updated_at") VALUES (?, ?, ?)[0m  [["created_at", Fri, 05 Apr 2013 22:15:21 UTC +00:00], ["name", "MyString"], ["updated_at", Fri, 05 Apr 2013 22:15:21 UTC +00:00]]
  [1m[35m (0.0ms)[0m  RELEASE SAVEPOINT active_record_1
Completed 201 Created in 2ms (Views: 0.5ms | ActiveRecord: 0.4ms)
  [1m[36mHotel Load (0.1ms)[0m  [1mSELECT "hotels".* FROM "hotels" ORDER BY "hotels"."id" DESC LIMIT 1[0m
  [1m[35m (0.3ms)[0m  rollback transaction
  [1m[36m (0.0ms)[0m  [1mbegin transaction[0m
Processing by HotelsController#create as HTML
  Parameters: {"hotel"=>{"name"=>"MyString"}}
  [1m[35m (0.0ms)[0m  SAVEPOINT active_record_1
  [1m[36mSQL (0.3ms)[0m  [1mINSERT INTO "hotels" ("created_at", "name", "updated_at") VALUES (?, ?, ?)[0m  [["created_at", Fri, 05 Apr 2013 22:15:21 UTC +00:00], ["name", "MyString"], ["updated_at", Fri, 05 Apr 2013 22:15:21 UTC +00:00]]
  [1m[35m (0.0ms)[0m  RELEASE SAVEPOINT active_record_1
Completed 201 Created in 2ms (Views: 0.4ms | ActiveRecord: 0.3ms)
  [1m[36m (0.3ms)[0m  [1mrollback transaction[0m
  [1m[35m (0.0ms)[0m  begin transaction
  [1m[36m (0.1ms)[0m  [1mSELECT COUNT(*) FROM "hotels" [0m
Processing by HotelsController#create as HTML
  Parameters: {"hotel"=>{"name"=>"MyString"}}
  [1m[35m (0.0ms)[0m  SAVEPOINT active_record_1
  [1m[36mSQL (0.2ms)[0m  [1mINSERT INTO "hotels" ("created_at", "name", "updated_at") VALUES (?, ?, ?)[0m  [["created_at", Fri, 05 Apr 2013 22:15:21 UTC +00:00], ["name", "MyString"], ["updated_at", Fri, 05 Apr 2013 22:15:21 UTC +00:00]]
  [1m[35m (0.0ms)[0m  RELEASE SAVEPOINT active_record_1
Completed 201 Created in 1ms (Views: 0.4ms | ActiveRecord: 0.3ms)
  [1m[36m (0.0ms)[0m  [1mSELECT COUNT(*) FROM "hotels" [0m
  [1m[35m (0.4ms)[0m  rollback transaction
  [1m[36m (0.0ms)[0m  [1mbegin transaction[0m
Processing by HotelsController#create as HTML
  Parameters: {"hotel"=>{"name"=>"invalid value"}}
Completed 422 Unprocessable Entity in 0ms (Views: 0.1ms | ActiveRecord: 0.0ms)
  [1m[35m (0.0ms)[0m  rollback transaction
  [1m[36m (0.0ms)[0m  [1mbegin transaction[0m
Processing by HotelsController#create as HTML
  Parameters: {"hotel"=>{"name"=>"invalid value"}}
Completed 422 Unprocessable Entity in 0ms (Views: 0.1ms | ActiveRecord: 0.0ms)
  [1m[35m (0.0ms)[0m  rollback transaction
  [1m[36m (0.0ms)[0m  [1mbegin transaction[0m
  [1m[35m (0.0ms)[0m  SAVEPOINT active_record_1
  [1m[36mSQL (0.2ms)[0m  [1mINSERT INTO "hotels" ("created_at", "name", "updated_at") VALUES (?, ?, ?)[0m  [["created_at", Fri, 05 Apr 2013 22:15:22 UTC +00:00], ["name", "MyString"], ["updated_at", Fri, 05 Apr 2013 22:15:22 UTC +00:00]]
  [1m[35m (0.0ms)[0m  RELEASE SAVEPOINT active_record_1
Processing by HotelsController#index as HTML
  [1m[36mHotel Load (0.1ms)[0m  [1mSELECT "hotels".* FROM "hotels" [0m
Completed 200 OK in 1ms (Views: 0.5ms | ActiveRecord: 0.1ms)
  [1m[35m (0.3ms)[0m  rollback transaction
  [1m[36m (0.0ms)[0m  [1mbegin transaction[0m
  [1m[35m (0.0ms)[0m  SAVEPOINT active_record_1
  [1m[36mSQL (0.2ms)[0m  [1mINSERT INTO "hotels" ("created_at", "name", "updated_at") VALUES (?, ?, ?)[0m  [["created_at", Fri, 05 Apr 2013 22:15:22 UTC +00:00], ["name", "MyString"], ["updated_at", Fri, 05 Apr 2013 22:15:22 UTC +00:00]]
  [1m[35m (0.1ms)[0m  RELEASE SAVEPOINT active_record_1
  [1m[36m (0.1ms)[0m  [1mSELECT COUNT(*) FROM "hotels" [0m
Processing by HotelsController#destroy as HTML
  Parameters: {"id"=>"2"}
  [1m[35mHotel Load (0.0ms)[0m  SELECT "hotels".* FROM "hotels" WHERE "hotels"."id" = ? LIMIT 1  [["id", "2"]]
  [1m[36m (0.0ms)[0m  [1mSAVEPOINT active_record_1[0m
  [1m[35mSQL (0.3ms)[0m  DELETE FROM "hotels" WHERE "hotels"."id" = ?  [["id", 2]]
  [1m[36m (0.0ms)[0m  [1mRELEASE SAVEPOINT active_record_1[0m
Completed 204 No Content in 1ms (ActiveRecord: 0.4ms)
  [1m[35m (0.0ms)[0m  SELECT COUNT(*) FROM "hotels" 
  [1m[36m (0.4ms)[0m  [1mrollback transaction[0m
  [1m[35m (0.0ms)[0m  begin transaction
  [1m[36m (0.0ms)[0m  [1mSAVEPOINT active_record_1[0m
  [1m[35mSQL (0.2ms)[0m  INSERT INTO "hotels" ("created_at", "name", "updated_at") VALUES (?, ?, ?)  [["created_at", Fri, 05 Apr 2013 22:15:22 UTC +00:00], ["name", "MyString"], ["updated_at", Fri, 05 Apr 2013 22:15:22 UTC +00:00]]
  [1m[36m (0.0ms)[0m  [1mRELEASE SAVEPOINT active_record_1[0m
Processing by HotelsController#destroy as HTML
  Parameters: {"id"=>"2"}
  [1m[35mHotel Load (0.0ms)[0m  SELECT "hotels".* FROM "hotels" WHERE "hotels"."id" = ? LIMIT 1  [["id", "2"]]
  [1m[36m (0.0ms)[0m  [1mSAVEPOINT active_record_1[0m
  [1m[35mSQL (0.1ms)[0m  DELETE FROM "hotels" WHERE "hotels"."id" = ?  [["id", 2]]
  [1m[36m (0.0ms)[0m  [1mRELEASE SAVEPOINT active_record_1[0m
Completed 204 No Content in 1ms (ActiveRecord: 0.2ms)
  [1m[35m (0.3ms)[0m  rollback transaction
  [1m[36m (0.0ms)[0m  [1mbegin transaction[0m
  [1m[35m (0.0ms)[0m  rollback transaction
  [1m[36m (0.0ms)[0m  [1mbegin transaction[0m
  [1m[35m (0.0ms)[0m  SAVEPOINT active_record_1
  [1m[36mSQL (0.2ms)[0m  [1mINSERT INTO "hotels" ("created_at", "name", "updated_at") VALUES (?, ?, ?)[0m  [["created_at", Fri, 05 Apr 2013 22:15:22 UTC +00:00], ["name", "MyString"], ["updated_at", Fri, 05 Apr 2013 22:15:22 UTC +00:00]]
  [1m[35m (0.0ms)[0m  RELEASE SAVEPOINT active_record_1
  [1m[36m (0.4ms)[0m  [1mrollback transaction[0m
  [1m[35m (0.0ms)[0m  begin transaction
  [1m[36m (0.0ms)[0m  [1mSAVEPOINT active_record_1[0m
  [1m[35mSQL (0.2ms)[0m  INSERT INTO "hotels" ("created_at", "name", "updated_at") VALUES (?, ?, ?)  [["created_at", Fri, 05 Apr 2013 22:15:22 UTC +00:00], ["name", "MyString"], ["updated_at", Fri, 05 Apr 2013 22:15:22 UTC +00:00]]
  [1m[36m (0.0ms)[0m  [1mRELEASE SAVEPOINT active_record_1[0m
Processing by HotelsController#update as HTML
  Parameters: {"hotel"=>{"name"=>"MyString"}, "id"=>"2"}
  [1m[35mHotel Load (0.0ms)[0m  SELECT "hotels".* FROM "hotels" WHERE "hotels"."id" = ? LIMIT 1  [["id", "2"]]
  [1m[36m (0.0ms)[0m  [1mSAVEPOINT active_record_1[0m
  [1m[35m (0.0ms)[0m  RELEASE SAVEPOINT active_record_1
Completed 204 No Content in 1ms (ActiveRecord: 0.1ms)
  [1m[36m (0.3ms)[0m  [1mrollback transaction[0m
  [1m[35m (0.0ms)[0m  begin transaction
  [1m[36m (0.0ms)[0m  [1mSAVEPOINT active_record_1[0m
  [1m[35mSQL (0.3ms)[0m  INSERT INTO "hotels" ("created_at", "name", "updated_at") VALUES (?, ?, ?)  [["created_at", Fri, 05 Apr 2013 22:15:22 UTC +00:00], ["name", "MyString"], ["updated_at", Fri, 05 Apr 2013 22:15:22 UTC +00:00]]
  [1m[36m (0.0ms)[0m  [1mRELEASE SAVEPOINT active_record_1[0m
Processing by HotelsController#update as HTML
  Parameters: {"hotel"=>{"name"=>"MyString"}, "id"=>"2"}
  [1m[35mHotel Load (0.0ms)[0m  SELECT "hotels".* FROM "hotels" WHERE "hotels"."id" = ? LIMIT 1  [["id", "2"]]
  [1m[36m (0.0ms)[0m  [1mSAVEPOINT active_record_1[0m
  [1m[35m (0.0ms)[0m  RELEASE SAVEPOINT active_record_1
Completed 204 No Content in 1ms (ActiveRecord: 0.1ms)
  [1m[36m (0.4ms)[0m  [1mrollback transaction[0m
  [1m[35m (0.0ms)[0m  begin transaction
  [1m[36m (0.0ms)[0m  [1mSAVEPOINT active_record_1[0m
  [1m[35mSQL (0.2ms)[0m  INSERT INTO "hotels" ("created_at", "name", "updated_at") VALUES (?, ?, ?)  [["created_at", Fri, 05 Apr 2013 22:15:22 UTC +00:00], ["name", "MyString"], ["updated_at", Fri, 05 Apr 2013 22:15:22 UTC +00:00]]
  [1m[36m (0.0ms)[0m  [1mRELEASE SAVEPOINT active_record_1[0m
Processing by HotelsController#update as HTML
  Parameters: {"hotel"=>{"name"=>"MyString"}, "id"=>"2"}
  [1m[35mHotel Load (0.0ms)[0m  SELECT "hotels".* FROM "hotels" WHERE "hotels"."id" = ? LIMIT 1  [["id", "2"]]
Completed 422 Unprocessable Entity in 1ms (Views: 0.1ms | ActiveRecord: 0.0ms)
  [1m[36m (0.2ms)[0m  [1mrollback transaction[0m
  [1m[35m (0.0ms)[0m  begin transaction
  [1m[36m (0.0ms)[0m  [1mSAVEPOINT active_record_1[0m
  [1m[35mSQL (0.2ms)[0m  INSERT INTO "hotels" ("created_at", "name", "updated_at") VALUES (?, ?, ?)  [["created_at", Fri, 05 Apr 2013 22:15:22 UTC +00:00], ["name", "MyString"], ["updated_at", Fri, 05 Apr 2013 22:15:22 UTC +00:00]]
  [1m[36m (0.0ms)[0m  [1mRELEASE SAVEPOINT active_record_1[0m
Processing by HotelsController#update as HTML
  Parameters: {"hotel"=>{"name"=>"invalid value"}, "id"=>"2"}
  [1m[35mHotel Load (0.0ms)[0m  SELECT "hotels".* FROM "hotels" WHERE "hotels"."id" = ? LIMIT 1  [["id", "2"]]
  [1m[36m (0.0ms)[0m  [1mSAVEPOINT active_record_1[0m
  [1m[35m (0.0ms)[0m  ROLLBACK TO SAVEPOINT active_record_1
Completed 422 Unprocessable Entity in 1ms (Views: 0.1ms | ActiveRecord: 0.1ms)
  [1m[36m (0.4ms)[0m  [1mrollback transaction[0m
  [1m[35m (0.0ms)[0m  begin transaction
  [1m[36m (0.0ms)[0m  [1mSAVEPOINT active_record_1[0m
  [1m[35mSQL (0.2ms)[0m  INSERT INTO "hotels" ("created_at", "name", "updated_at") VALUES (?, ?, ?)  [["created_at", Fri, 05 Apr 2013 22:15:22 UTC +00:00], ["name", "MyString"], ["updated_at", Fri, 05 Apr 2013 22:15:22 UTC +00:00]]
  [1m[36m (0.0ms)[0m  [1mRELEASE SAVEPOINT active_record_1[0m
Processing by HotelsController#update as HTML
  Parameters: {"hotel"=>{"name"=>"invalid value"}, "id"=>"2"}
  [1m[35mHotel Load (0.0ms)[0m  SELECT "hotels".* FROM "hotels" WHERE "hotels"."id" = ? LIMIT 1  [["id", "2"]]
  [1m[36m (0.0ms)[0m  [1mSAVEPOINT active_record_1[0m
  [1m[35m (0.0ms)[0m  ROLLBACK TO SAVEPOINT active_record_1
Completed 422 Unprocessable Entity in 1ms (Views: 0.1ms | ActiveRecord: 0.1ms)
  [1m[36m (0.3ms)[0m  [1mrollback transaction[0m
  [1m[35m (0.0ms)[0m  begin transaction
  [1m[36m (0.0ms)[0m  [1mrollback transaction[0m
  [1m[35m (0.0ms)[0m  begin transaction


Started GET "/hotels" for 127.0.0.1 at 2013-04-05 15:15:22 -0700
Processing by HotelsController#index as HTML
  [1m[36mHotel Load (0.1ms)[0m  [1mSELECT "hotels".* FROM "hotels" [0m
Completed 200 OK in 1ms (Views: 0.4ms | ActiveRecord: 0.1ms)
  [1m[35m (0.0ms)[0m  rollback transaction
  [1m[36m (0.0ms)[0m  [1mbegin transaction[0m
  [1m[35m (0.0ms)[0m  rollback transaction
  [1m[36m (0.0ms)[0m  [1mbegin transaction[0m
  [1m[35m (0.0ms)[0m  rollback transaction
  [1m[36m (0.0ms)[0m  [1mbegin transaction[0m
  [1m[35m (0.0ms)[0m  rollback transaction
  [1m[36m (0.0ms)[0m  [1mbegin transaction[0m
  [1m[35m (0.0ms)[0m  rollback transaction
  [1m[36m (0.0ms)[0m  [1mbegin transaction[0m
  [1m[35m (0.0ms)[0m  rollback transaction
  [1m[36m (0.0ms)[0m  [1mbegin transaction[0m
  [1m[35m (0.0ms)[0m  rollback transaction
  [1m[36m (0.0ms)[0m  [1mbegin transaction[0m
  [1m[35m (0.0ms)[0m  rollback transaction
  [1m[36m (0.0ms)[0m  [1mbegin transaction[0m
  [1m[35m (0.0ms)[0m  rollback transaction
  [1m[36m (0.0ms)[0m  [1mbegin transaction[0m
  [1m[35m (0.0ms)[0m  rollback transaction
Connecting to database specified by database.yml


Started GET "/hotels" for 127.0.0.1 at 2013-04-05 15:28:36 -0700
Processing by HotelsController#index as JSON
  [1m[36mHotel Load (0.2ms)[0m  [1mSELECT "hotels".* FROM "hotels" [0m
Completed 200 OK in 1ms (Views: 0.5ms | ActiveRecord: 0.2ms)


Started GET "/hotels" for 127.0.0.1 at 2013-04-05 15:28:49 -0700
Processing by HotelsController#index as JSON
  [1m[35mHotel Load (0.1ms)[0m  SELECT "hotels".* FROM "hotels" 
Completed 200 OK in 1ms (Views: 0.5ms | ActiveRecord: 0.1ms)
Connecting to database specified by database.yml


Started GET "/hotels" for 127.0.0.1 at 2013-04-05 15:29:11 -0700
Processing by HotelsController#index as JSON
  [1m[36mHotel Load (0.1ms)[0m  [1mSELECT "hotels".* FROM "hotels" [0m
Completed 200 OK in 37ms (Views: 1.5ms | ActiveRecord: 1.6ms)


Started GET "/hotels" for 127.0.0.1 at 2013-04-05 15:29:25 -0700
Processing by HotelsController#index as JSON
  [1m[35mHotel Load (0.1ms)[0m  SELECT "hotels".* FROM "hotels" 
Completed 200 OK in 1ms (Views: 0.3ms | ActiveRecord: 0.1ms)
Connecting to database specified by database.yml


Started GET "/hotels" for 127.0.0.1 at 2013-04-05 15:30:21 -0700
Processing by HotelsController#index as JSON
  [1m[36mHotel Load (0.1ms)[0m  [1mSELECT "hotels".* FROM "hotels" [0m
Completed 200 OK in 22ms (Views: 2.4ms | ActiveRecord: 1.7ms)


Started GET "/hotels" for 127.0.0.1 at 2013-04-05 15:30:51 -0700
Processing by HotelsController#index as HTML
  [1m[35mHotel Load (0.1ms)[0m  SELECT "hotels".* FROM "hotels" 
Completed 200 OK in 1ms (Views: 0.4ms | ActiveRecord: 0.1ms)


Started POST "/hotels" for 127.0.0.1 at 2013-04-05 15:31:56 -0700
Processing by HotelsController#create as */*
  Parameters: {"hotel"=>{"name"=>"Stuffy"}}
  [1m[36m (0.0ms)[0m  [1mbegin transaction[0m
  [1m[35mSQL (2.2ms)[0m  INSERT INTO "hotels" ("created_at", "name", "updated_at") VALUES (?, ?, ?)  [["created_at", Fri, 05 Apr 2013 22:31:56 UTC +00:00], ["name", "Stuffy"], ["updated_at", Fri, 05 Apr 2013 22:31:56 UTC +00:00]]
  [1m[36m (2.0ms)[0m  [1mcommit transaction[0m
Completed 201 Created in 7ms (Views: 0.6ms | ActiveRecord: 4.3ms)


Started GET "/hotels" for 127.0.0.1 at 2013-04-05 15:33:46 -0700
Processing by HotelsController#index as JSON
  [1m[35mHotel Load (0.1ms)[0m  SELECT "hotels".* FROM "hotels" 
Completed 200 OK in 1ms (Views: 0.5ms | ActiveRecord: 0.1ms)


Started GET "/hotels" for 127.0.0.1 at 2013-04-05 15:34:56 -0700
Processing by HotelsController#index as JSON
  [1m[36mHotel Load (0.1ms)[0m  [1mSELECT "hotels".* FROM "hotels" [0m
Completed 200 OK in 1ms (Views: 0.4ms | ActiveRecord: 0.1ms)


Started GET "/hotels" for 127.0.0.1 at 2013-04-05 15:35:13 -0700
Processing by HotelsController#index as JSON
  [1m[35mHotel Load (0.1ms)[0m  SELECT "hotels".* FROM "hotels" 
Completed 200 OK in 1ms (Views: 0.4ms | ActiveRecord: 0.1ms)


Started GET "/hotels" for 127.0.0.1 at 2013-04-05 15:36:12 -0700
Processing by HotelsController#index as JSON
  [1m[36mHotel Load (0.1ms)[0m  [1mSELECT "hotels".* FROM "hotels" [0m
Completed 200 OK in 1ms (Views: 0.5ms | ActiveRecord: 0.1ms)


Started GET "/hotels" for 127.0.0.1 at 2013-04-05 15:36:28 -0700
Processing by HotelsController#index as JSON
  [1m[35mHotel Load (0.2ms)[0m  SELECT "hotels".* FROM "hotels" 
Completed 200 OK in 1ms (Views: 0.5ms | ActiveRecord: 0.2ms)


Started GET "/hotels" for 127.0.0.1 at 2013-04-05 15:36:44 -0700
Processing by HotelsController#index as HTML
  [1m[36mHotel Load (0.1ms)[0m  [1mSELECT "hotels".* FROM "hotels" [0m
Completed 200 OK in 1ms (Views: 0.4ms | ActiveRecord: 0.1ms)


Started GET "/hotels" for 127.0.0.1 at 2013-04-05 15:38:46 -0700
Processing by HotelsController#index as JSON
  [1m[35mHotel Load (0.1ms)[0m  SELECT "hotels".* FROM "hotels" 
Completed 200 OK in 1ms (Views: 0.4ms | ActiveRecord: 0.1ms)


Started GET "/hotels" for 127.0.0.1 at 2013-04-05 15:39:11 -0700
Processing by HotelsController#index as JSON
  [1m[36mHotel Load (0.1ms)[0m  [1mSELECT "hotels".* FROM "hotels" [0m
Completed 200 OK in 1ms (Views: 0.5ms | ActiveRecord: 0.1ms)


Started GET "/hotels" for 127.0.0.1 at 2013-04-05 15:44:24 -0700
Processing by HotelsController#index as JSON
  [1m[35mHotel Load (0.1ms)[0m  SELECT "hotels".* FROM "hotels" 
Completed 200 OK in 1ms (Views: 0.5ms | ActiveRecord: 0.1ms)


Started GET "/hotels" for 127.0.0.1 at 2013-04-05 15:46:29 -0700
Processing by HotelsController#index as JSON
  [1m[36mHotel Load (0.1ms)[0m  [1mSELECT "hotels".* FROM "hotels" [0m
Completed 200 OK in 1ms (Views: 0.6ms | ActiveRecord: 0.1ms)


Started POST "/hotels" for 127.0.0.1 at 2013-04-05 15:48:52 -0700
Processing by HotelsController#create as */*
  Parameters: {"hotel"=>{"name"=>"Excaliber"}}
  [1m[35m (0.0ms)[0m  begin transaction
  [1m[36mSQL (0.3ms)[0m  [1mINSERT INTO "hotels" ("created_at", "name", "updated_at") VALUES (?, ?, ?)[0m  [["created_at", Fri, 05 Apr 2013 22:48:52 UTC +00:00], ["name", "Excaliber"], ["updated_at", Fri, 05 Apr 2013 22:48:52 UTC +00:00]]
  [1m[35m (2.1ms)[0m  commit transaction
Completed 201 Created in 4ms (Views: 0.5ms | ActiveRecord: 2.4ms)
Connecting to database specified by database.yml


Started GET "/hotels" for 127.0.0.1 at 2013-04-05 15:50:52 -0700
Processing by HotelsController#index as JSON
  [1m[36mHotel Load (0.1ms)[0m  [1mSELECT "hotels".* FROM "hotels" [0m
Completed 200 OK in 1ms (Views: 0.6ms | ActiveRecord: 0.1ms)


Started GET "/hotels" for 127.0.0.1 at 2013-04-05 15:51:11 -0700
Processing by HotelsController#index as JSON
  [1m[35mHotel Load (0.1ms)[0m  SELECT "hotels".* FROM "hotels" 
Completed 200 OK in 1ms (Views: 0.6ms | ActiveRecord: 0.1ms)


Started GET "/hotels" for 127.0.0.1 at 2013-04-05 15:52:53 -0700
Processing by HotelsController#index as HTML
  [1m[36mHotel Load (0.1ms)[0m  [1mSELECT "hotels".* FROM "hotels" [0m
Completed 200 OK in 1ms (Views: 0.6ms | ActiveRecord: 0.1ms)
Connecting to database specified by database.yml


Started GET "/hotels" for 127.0.0.1 at 2013-04-05 15:53:14 -0700
Processing by HotelsController#index as HTML
  [1m[36mHotel Load (0.1ms)[0m  [1mSELECT "hotels".* FROM "hotels" [0m
Completed 200 OK in 31ms (Views: 3.1ms | ActiveRecord: 1.0ms)


Started GET "/hotels" for 127.0.0.1 at 2013-04-05 15:53:18 -0700
Processing by HotelsController#index as JSON
  [1m[35mHotel Load (0.1ms)[0m  SELECT "hotels".* FROM "hotels" 
Completed 200 OK in 1ms (Views: 0.7ms | ActiveRecord: 0.1ms)


Started GET "/hotels" for 127.0.0.1 at 2013-04-05 15:53:45 -0700
Processing by HotelsController#index as JSON
  [1m[36mHotel Load (0.1ms)[0m  [1mSELECT "hotels".* FROM "hotels" [0m
Completed 200 OK in 2ms (Views: 1.0ms | ActiveRecord: 0.1ms)


Started GET "/hotels" for 127.0.0.1 at 2013-04-05 15:54:23 -0700
Processing by HotelsController#index as JSON
  [1m[35mHotel Load (0.1ms)[0m  SELECT "hotels".* FROM "hotels" 
Completed 200 OK in 1ms (Views: 0.6ms | ActiveRecord: 0.1ms)


Started GET "/hotels" for 127.0.0.1 at 2013-04-05 15:55:07 -0700
Processing by HotelsController#index as JSON
  [1m[36mHotel Load (0.1ms)[0m  [1mSELECT "hotels".* FROM "hotels" [0m
Completed 200 OK in 1ms (Views: 0.6ms | ActiveRecord: 0.1ms)


Started GET "/hotels" for 127.0.0.1 at 2013-04-05 15:56:35 -0700
Processing by HotelsController#index as JSON
  [1m[35mHotel Load (0.1ms)[0m  SELECT "hotels".* FROM "hotels" 
Completed 200 OK in 1ms (Views: 0.6ms | ActiveRecord: 0.1ms)


Started POST "/hotels" for 127.0.0.1 at 2013-04-05 15:56:58 -0700
Processing by HotelsController#create as */*
  Parameters: {"hotel"=>{"name"=>"Roosevelt"}}
  [1m[36m (0.0ms)[0m  [1mbegin transaction[0m
  [1m[35mSQL (2.0ms)[0m  INSERT INTO "hotels" ("created_at", "name", "updated_at") VALUES (?, ?, ?)  [["created_at", Fri, 05 Apr 2013 22:56:58 UTC +00:00], ["name", "Roosevelt"], ["updated_at", Fri, 05 Apr 2013 22:56:58 UTC +00:00]]
  [1m[36m (2.1ms)[0m  [1mcommit transaction[0m
Completed 201 Created in 6ms (Views: 0.6ms | ActiveRecord: 4.1ms)


Started GET "/hotels" for 127.0.0.1 at 2013-04-05 15:57:14 -0700
Processing by HotelsController#index as JSON
  [1m[35mHotel Load (0.2ms)[0m  SELECT "hotels".* FROM "hotels" 
Completed 200 OK in 2ms (Views: 1.4ms | ActiveRecord: 0.2ms)
Connecting to database specified by database.yml
Connecting to database specified by database.yml
Connecting to database specified by database.yml


Started GET "/hotels" for 127.0.0.1 at 2013-04-05 16:04:57 -0700

ActionController::RoutingError (No route matches [GET] "/hotels"):
  actionpack (3.2.13) lib/action_dispatch/middleware/debug_exceptions.rb:21:in `call'
  actionpack (3.2.13) lib/action_dispatch/middleware/show_exceptions.rb:56:in `call'
  railties (3.2.13) lib/rails/rack/logger.rb:32:in `call_app'
  railties (3.2.13) lib/rails/rack/logger.rb:16:in `block in call'
  activesupport (3.2.13) lib/active_support/tagged_logging.rb:22:in `tagged'
  railties (3.2.13) lib/rails/rack/logger.rb:16:in `call'
  actionpack (3.2.13) lib/action_dispatch/middleware/request_id.rb:22:in `call'
  rack (1.4.5) lib/rack/runtime.rb:17:in `call'
  activesupport (3.2.13) lib/active_support/cache/strategy/local_cache.rb:72:in `call'
  rack (1.4.5) lib/rack/lock.rb:15:in `call'
  actionpack (3.2.13) lib/action_dispatch/middleware/static.rb:63:in `call'
  railties (3.2.13) lib/rails/engine.rb:479:in `call'
  railties (3.2.13) lib/rails/application.rb:223:in `call'
  rack (1.4.5) lib/rack/content_length.rb:14:in `call'
  railties (3.2.13) lib/rails/rack/log_tailer.rb:17:in `call'
  rack (1.4.5) lib/rack/handler/webrick.rb:59:in `service'
  /Users/michael/.rvm/rubies/ruby-1.9.3-p125/lib/ruby/1.9.1/webrick/httpserver.rb:138:in `service'
  /Users/michael/.rvm/rubies/ruby-1.9.3-p125/lib/ruby/1.9.1/webrick/httpserver.rb:94:in `run'
  /Users/michael/.rvm/rubies/ruby-1.9.3-p125/lib/ruby/1.9.1/webrick/server.rb:191:in `block in start_thread'


  Rendered /Users/michael/.rvm/gems/ruby-1.9.3-p125@rails32/gems/actionpack-3.2.13/lib/action_dispatch/middleware/templates/rescues/routing_error.erb within rescues/layout (1.4ms)


Started GET "/hotels" for 127.0.0.1 at 2013-04-05 16:05:24 -0700

ActionController::RoutingError (No route matches [GET] "/hotels"):
  actionpack (3.2.13) lib/action_dispatch/middleware/debug_exceptions.rb:21:in `call'
  actionpack (3.2.13) lib/action_dispatch/middleware/show_exceptions.rb:56:in `call'
  railties (3.2.13) lib/rails/rack/logger.rb:32:in `call_app'
  railties (3.2.13) lib/rails/rack/logger.rb:16:in `block in call'
  activesupport (3.2.13) lib/active_support/tagged_logging.rb:22:in `tagged'
  railties (3.2.13) lib/rails/rack/logger.rb:16:in `call'
  actionpack (3.2.13) lib/action_dispatch/middleware/request_id.rb:22:in `call'
  rack (1.4.5) lib/rack/runtime.rb:17:in `call'
  activesupport (3.2.13) lib/active_support/cache/strategy/local_cache.rb:72:in `call'
  rack (1.4.5) lib/rack/lock.rb:15:in `call'
  actionpack (3.2.13) lib/action_dispatch/middleware/static.rb:63:in `call'
  railties (3.2.13) lib/rails/engine.rb:479:in `call'
  railties (3.2.13) lib/rails/application.rb:223:in `call'
  rack (1.4.5) lib/rack/content_length.rb:14:in `call'
  railties (3.2.13) lib/rails/rack/log_tailer.rb:17:in `call'
  rack (1.4.5) lib/rack/handler/webrick.rb:59:in `service'
  /Users/michael/.rvm/rubies/ruby-1.9.3-p125/lib/ruby/1.9.1/webrick/httpserver.rb:138:in `service'
  /Users/michael/.rvm/rubies/ruby-1.9.3-p125/lib/ruby/1.9.1/webrick/httpserver.rb:94:in `run'
  /Users/michael/.rvm/rubies/ruby-1.9.3-p125/lib/ruby/1.9.1/webrick/server.rb:191:in `block in start_thread'


  Rendered /Users/michael/.rvm/gems/ruby-1.9.3-p125@rails32/gems/actionpack-3.2.13/lib/action_dispatch/middleware/templates/rescues/routing_error.erb within rescues/layout (0.6ms)
Connecting to database specified by database.yml
Connecting to database specified by database.yml


Started GET "/api/hotels" for 127.0.0.1 at 2013-04-05 16:08:23 -0700

ActionController::RoutingError (uninitialized constant Api):
  activesupport (3.2.13) lib/active_support/inflector/methods.rb:230:in `block in constantize'
  activesupport (3.2.13) lib/active_support/inflector/methods.rb:229:in `each'
  activesupport (3.2.13) lib/active_support/inflector/methods.rb:229:in `constantize'
  actionpack (3.2.13) lib/action_dispatch/routing/route_set.rb:69:in `controller_reference'
  actionpack (3.2.13) lib/action_dispatch/routing/route_set.rb:54:in `controller'
  actionpack (3.2.13) lib/action_dispatch/routing/route_set.rb:32:in `call'
  journey (1.0.4) lib/journey/router.rb:68:in `block in call'
  journey (1.0.4) lib/journey/router.rb:56:in `each'
  journey (1.0.4) lib/journey/router.rb:56:in `call'
  actionpack (3.2.13) lib/action_dispatch/routing/route_set.rb:612:in `call'
  rack (1.4.5) lib/rack/etag.rb:23:in `call'
  rack (1.4.5) lib/rack/conditionalget.rb:25:in `call'
  actionpack (3.2.13) lib/action_dispatch/middleware/head.rb:14:in `call'
  actionpack (3.2.13) lib/action_dispatch/middleware/params_parser.rb:21:in `call'
  activerecord (3.2.13) lib/active_record/query_cache.rb:64:in `call'
  activerecord (3.2.13) lib/active_record/connection_adapters/abstract/connection_pool.rb:479:in `call'
  actionpack (3.2.13) lib/action_dispatch/middleware/callbacks.rb:28:in `block in call'
  activesupport (3.2.13) lib/active_support/callbacks.rb:405:in `_run__860030544979148521__call__395793772620265282__callbacks'
  activesupport (3.2.13) lib/active_support/callbacks.rb:405:in `__run_callback'
  activesupport (3.2.13) lib/active_support/callbacks.rb:385:in `_run_call_callbacks'
  activesupport (3.2.13) lib/active_support/callbacks.rb:81:in `run_callbacks'
  actionpack (3.2.13) lib/action_dispatch/middleware/callbacks.rb:27:in `call'
  actionpack (3.2.13) lib/action_dispatch/middleware/reloader.rb:65:in `call'
  actionpack (3.2.13) lib/action_dispatch/middleware/remote_ip.rb:31:in `call'
  actionpack (3.2.13) lib/action_dispatch/middleware/debug_exceptions.rb:16:in `call'
  actionpack (3.2.13) lib/action_dispatch/middleware/show_exceptions.rb:56:in `call'
  railties (3.2.13) lib/rails/rack/logger.rb:32:in `call_app'
  railties (3.2.13) lib/rails/rack/logger.rb:16:in `block in call'
  activesupport (3.2.13) lib/active_support/tagged_logging.rb:22:in `tagged'
  railties (3.2.13) lib/rails/rack/logger.rb:16:in `call'
  actionpack (3.2.13) lib/action_dispatch/middleware/request_id.rb:22:in `call'
  rack (1.4.5) lib/rack/runtime.rb:17:in `call'
  activesupport (3.2.13) lib/active_support/cache/strategy/local_cache.rb:72:in `call'
  rack (1.4.5) lib/rack/lock.rb:15:in `call'
  actionpack (3.2.13) lib/action_dispatch/middleware/static.rb:63:in `call'
  railties (3.2.13) lib/rails/engine.rb:479:in `call'
  railties (3.2.13) lib/rails/application.rb:223:in `call'
  rack (1.4.5) lib/rack/content_length.rb:14:in `call'
  railties (3.2.13) lib/rails/rack/log_tailer.rb:17:in `call'
  rack (1.4.5) lib/rack/handler/webrick.rb:59:in `service'
  /Users/michael/.rvm/rubies/ruby-1.9.3-p125/lib/ruby/1.9.1/webrick/httpserver.rb:138:in `service'
  /Users/michael/.rvm/rubies/ruby-1.9.3-p125/lib/ruby/1.9.1/webrick/httpserver.rb:94:in `run'
  /Users/michael/.rvm/rubies/ruby-1.9.3-p125/lib/ruby/1.9.1/webrick/server.rb:191:in `block in start_thread'


  Rendered /Users/michael/.rvm/gems/ruby-1.9.3-p125@rails32/gems/actionpack-3.2.13/lib/action_dispatch/middleware/templates/rescues/routing_error.erb within rescues/layout (1.2ms)
Connecting to database specified by database.yml
Connecting to database specified by database.yml
Connecting to database specified by database.yml


Started GET "/hotels" for 127.0.0.1 at 2013-04-05 16:14:06 -0700

ActionController::RoutingError (No route matches [GET] "/hotels"):
  actionpack (3.2.13) lib/action_dispatch/middleware/debug_exceptions.rb:21:in `call'
  actionpack (3.2.13) lib/action_dispatch/middleware/show_exceptions.rb:56:in `call'
  railties (3.2.13) lib/rails/rack/logger.rb:32:in `call_app'
  railties (3.2.13) lib/rails/rack/logger.rb:16:in `block in call'
  activesupport (3.2.13) lib/active_support/tagged_logging.rb:22:in `tagged'
  railties (3.2.13) lib/rails/rack/logger.rb:16:in `call'
  actionpack (3.2.13) lib/action_dispatch/middleware/request_id.rb:22:in `call'
  rack (1.4.5) lib/rack/runtime.rb:17:in `call'
  activesupport (3.2.13) lib/active_support/cache/strategy/local_cache.rb:72:in `call'
  rack (1.4.5) lib/rack/lock.rb:15:in `call'
  actionpack (3.2.13) lib/action_dispatch/middleware/static.rb:63:in `call'
  railties (3.2.13) lib/rails/engine.rb:479:in `call'
  railties (3.2.13) lib/rails/application.rb:223:in `call'
  rack (1.4.5) lib/rack/content_length.rb:14:in `call'
  railties (3.2.13) lib/rails/rack/log_tailer.rb:17:in `call'
  rack (1.4.5) lib/rack/handler/webrick.rb:59:in `service'
  /Users/michael/.rvm/rubies/ruby-1.9.3-p125/lib/ruby/1.9.1/webrick/httpserver.rb:138:in `service'
  /Users/michael/.rvm/rubies/ruby-1.9.3-p125/lib/ruby/1.9.1/webrick/httpserver.rb:94:in `run'
  /Users/michael/.rvm/rubies/ruby-1.9.3-p125/lib/ruby/1.9.1/webrick/server.rb:191:in `block in start_thread'


  Rendered /Users/michael/.rvm/gems/ruby-1.9.3-p125@rails32/gems/actionpack-3.2.13/lib/action_dispatch/middleware/templates/rescues/routing_error.erb within rescues/layout (1.3ms)


Started GET "/api/hotels" for 127.0.0.1 at 2013-04-05 16:15:11 -0700

ActionController::RoutingError (uninitialized constant Api):
  activesupport (3.2.13) lib/active_support/inflector/methods.rb:230:in `block in constantize'
  activesupport (3.2.13) lib/active_support/inflector/methods.rb:229:in `each'
  activesupport (3.2.13) lib/active_support/inflector/methods.rb:229:in `constantize'
  actionpack (3.2.13) lib/action_dispatch/routing/route_set.rb:69:in `controller_reference'
  actionpack (3.2.13) lib/action_dispatch/routing/route_set.rb:54:in `controller'
  actionpack (3.2.13) lib/action_dispatch/routing/route_set.rb:32:in `call'
  journey (1.0.4) lib/journey/router.rb:68:in `block in call'
  journey (1.0.4) lib/journey/router.rb:56:in `each'
  journey (1.0.4) lib/journey/router.rb:56:in `call'
  actionpack (3.2.13) lib/action_dispatch/routing/route_set.rb:612:in `call'
  rack (1.4.5) lib/rack/etag.rb:23:in `call'
  rack (1.4.5) lib/rack/conditionalget.rb:25:in `call'
  actionpack (3.2.13) lib/action_dispatch/middleware/head.rb:14:in `call'
  actionpack (3.2.13) lib/action_dispatch/middleware/params_parser.rb:21:in `call'
  activerecord (3.2.13) lib/active_record/query_cache.rb:64:in `call'
  activerecord (3.2.13) lib/active_record/connection_adapters/abstract/connection_pool.rb:479:in `call'
  actionpack (3.2.13) lib/action_dispatch/middleware/callbacks.rb:28:in `block in call'
  activesupport (3.2.13) lib/active_support/callbacks.rb:405:in `_run__1371150618175893690__call__2527067320293433078__callbacks'
  activesupport (3.2.13) lib/active_support/callbacks.rb:405:in `__run_callback'
  activesupport (3.2.13) lib/active_support/callbacks.rb:385:in `_run_call_callbacks'
  activesupport (3.2.13) lib/active_support/callbacks.rb:81:in `run_callbacks'
  actionpack (3.2.13) lib/action_dispatch/middleware/callbacks.rb:27:in `call'
  actionpack (3.2.13) lib/action_dispatch/middleware/reloader.rb:65:in `call'
  actionpack (3.2.13) lib/action_dispatch/middleware/remote_ip.rb:31:in `call'
  actionpack (3.2.13) lib/action_dispatch/middleware/debug_exceptions.rb:16:in `call'
  actionpack (3.2.13) lib/action_dispatch/middleware/show_exceptions.rb:56:in `call'
  railties (3.2.13) lib/rails/rack/logger.rb:32:in `call_app'
  railties (3.2.13) lib/rails/rack/logger.rb:16:in `block in call'
  activesupport (3.2.13) lib/active_support/tagged_logging.rb:22:in `tagged'
  railties (3.2.13) lib/rails/rack/logger.rb:16:in `call'
  actionpack (3.2.13) lib/action_dispatch/middleware/request_id.rb:22:in `call'
  rack (1.4.5) lib/rack/runtime.rb:17:in `call'
  activesupport (3.2.13) lib/active_support/cache/strategy/local_cache.rb:72:in `call'
  rack (1.4.5) lib/rack/lock.rb:15:in `call'
  actionpack (3.2.13) lib/action_dispatch/middleware/static.rb:63:in `call'
  railties (3.2.13) lib/rails/engine.rb:479:in `call'
  railties (3.2.13) lib/rails/application.rb:223:in `call'
  rack (1.4.5) lib/rack/content_length.rb:14:in `call'
  railties (3.2.13) lib/rails/rack/log_tailer.rb:17:in `call'
  rack (1.4.5) lib/rack/handler/webrick.rb:59:in `service'
  /Users/michael/.rvm/rubies/ruby-1.9.3-p125/lib/ruby/1.9.1/webrick/httpserver.rb:138:in `service'
  /Users/michael/.rvm/rubies/ruby-1.9.3-p125/lib/ruby/1.9.1/webrick/httpserver.rb:94:in `run'
  /Users/michael/.rvm/rubies/ruby-1.9.3-p125/lib/ruby/1.9.1/webrick/server.rb:191:in `block in start_thread'


  Rendered /Users/michael/.rvm/gems/ruby-1.9.3-p125@rails32/gems/actionpack-3.2.13/lib/action_dispatch/middleware/templates/rescues/routing_error.erb within rescues/layout (0.5ms)


Started GET "/api" for 127.0.0.1 at 2013-04-05 16:15:38 -0700

ActionController::RoutingError (No route matches [GET] "/api"):
  actionpack (3.2.13) lib/action_dispatch/middleware/debug_exceptions.rb:21:in `call'
  actionpack (3.2.13) lib/action_dispatch/middleware/show_exceptions.rb:56:in `call'
  railties (3.2.13) lib/rails/rack/logger.rb:32:in `call_app'
  railties (3.2.13) lib/rails/rack/logger.rb:16:in `block in call'
  activesupport (3.2.13) lib/active_support/tagged_logging.rb:22:in `tagged'
  railties (3.2.13) lib/rails/rack/logger.rb:16:in `call'
  actionpack (3.2.13) lib/action_dispatch/middleware/request_id.rb:22:in `call'
  rack (1.4.5) lib/rack/runtime.rb:17:in `call'
  activesupport (3.2.13) lib/active_support/cache/strategy/local_cache.rb:72:in `call'
  rack (1.4.5) lib/rack/lock.rb:15:in `call'
  actionpack (3.2.13) lib/action_dispatch/middleware/static.rb:63:in `call'
  railties (3.2.13) lib/rails/engine.rb:479:in `call'
  railties (3.2.13) lib/rails/application.rb:223:in `call'
  rack (1.4.5) lib/rack/content_length.rb:14:in `call'
  railties (3.2.13) lib/rails/rack/log_tailer.rb:17:in `call'
  rack (1.4.5) lib/rack/handler/webrick.rb:59:in `service'
  /Users/michael/.rvm/rubies/ruby-1.9.3-p125/lib/ruby/1.9.1/webrick/httpserver.rb:138:in `service'
  /Users/michael/.rvm/rubies/ruby-1.9.3-p125/lib/ruby/1.9.1/webrick/httpserver.rb:94:in `run'
  /Users/michael/.rvm/rubies/ruby-1.9.3-p125/lib/ruby/1.9.1/webrick/server.rb:191:in `block in start_thread'


  Rendered /Users/michael/.rvm/gems/ruby-1.9.3-p125@rails32/gems/actionpack-3.2.13/lib/action_dispatch/middleware/templates/rescues/routing_error.erb within rescues/layout (0.4ms)


Started GET "/api/hotels" for 127.0.0.1 at 2013-04-05 16:15:45 -0700

ActionController::RoutingError (uninitialized constant Api):
  activesupport (3.2.13) lib/active_support/inflector/methods.rb:230:in `block in constantize'
  activesupport (3.2.13) lib/active_support/inflector/methods.rb:229:in `each'
  activesupport (3.2.13) lib/active_support/inflector/methods.rb:229:in `constantize'
  actionpack (3.2.13) lib/action_dispatch/routing/route_set.rb:69:in `controller_reference'
  actionpack (3.2.13) lib/action_dispatch/routing/route_set.rb:54:in `controller'
  actionpack (3.2.13) lib/action_dispatch/routing/route_set.rb:32:in `call'
  journey (1.0.4) lib/journey/router.rb:68:in `block in call'
  journey (1.0.4) lib/journey/router.rb:56:in `each'
  journey (1.0.4) lib/journey/router.rb:56:in `call'
  actionpack (3.2.13) lib/action_dispatch/routing/route_set.rb:612:in `call'
  rack (1.4.5) lib/rack/etag.rb:23:in `call'
  rack (1.4.5) lib/rack/conditionalget.rb:25:in `call'
  actionpack (3.2.13) lib/action_dispatch/middleware/head.rb:14:in `call'
  actionpack (3.2.13) lib/action_dispatch/middleware/params_parser.rb:21:in `call'
  activerecord (3.2.13) lib/active_record/query_cache.rb:64:in `call'
  activerecord (3.2.13) lib/active_record/connection_adapters/abstract/connection_pool.rb:479:in `call'
  actionpack (3.2.13) lib/action_dispatch/middleware/callbacks.rb:28:in `block in call'
  activesupport (3.2.13) lib/active_support/callbacks.rb:405:in `_run__1371150618175893690__call__2527067320293433078__callbacks'
  activesupport (3.2.13) lib/active_support/callbacks.rb:405:in `__run_callback'
  activesupport (3.2.13) lib/active_support/callbacks.rb:385:in `_run_call_callbacks'
  activesupport (3.2.13) lib/active_support/callbacks.rb:81:in `run_callbacks'
  actionpack (3.2.13) lib/action_dispatch/middleware/callbacks.rb:27:in `call'
  actionpack (3.2.13) lib/action_dispatch/middleware/reloader.rb:65:in `call'
  actionpack (3.2.13) lib/action_dispatch/middleware/remote_ip.rb:31:in `call'
  actionpack (3.2.13) lib/action_dispatch/middleware/debug_exceptions.rb:16:in `call'
  actionpack (3.2.13) lib/action_dispatch/middleware/show_exceptions.rb:56:in `call'
  railties (3.2.13) lib/rails/rack/logger.rb:32:in `call_app'
  railties (3.2.13) lib/rails/rack/logger.rb:16:in `block in call'
  activesupport (3.2.13) lib/active_support/tagged_logging.rb:22:in `tagged'
  railties (3.2.13) lib/rails/rack/logger.rb:16:in `call'
  actionpack (3.2.13) lib/action_dispatch/middleware/request_id.rb:22:in `call'
  rack (1.4.5) lib/rack/runtime.rb:17:in `call'
  activesupport (3.2.13) lib/active_support/cache/strategy/local_cache.rb:72:in `call'
  rack (1.4.5) lib/rack/lock.rb:15:in `call'
  actionpack (3.2.13) lib/action_dispatch/middleware/static.rb:63:in `call'
  railties (3.2.13) lib/rails/engine.rb:479:in `call'
  railties (3.2.13) lib/rails/application.rb:223:in `call'
  rack (1.4.5) lib/rack/content_length.rb:14:in `call'
  railties (3.2.13) lib/rails/rack/log_tailer.rb:17:in `call'
  rack (1.4.5) lib/rack/handler/webrick.rb:59:in `service'
  /Users/michael/.rvm/rubies/ruby-1.9.3-p125/lib/ruby/1.9.1/webrick/httpserver.rb:138:in `service'
  /Users/michael/.rvm/rubies/ruby-1.9.3-p125/lib/ruby/1.9.1/webrick/httpserver.rb:94:in `run'
  /Users/michael/.rvm/rubies/ruby-1.9.3-p125/lib/ruby/1.9.1/webrick/server.rb:191:in `block in start_thread'


  Rendered /Users/michael/.rvm/gems/ruby-1.9.3-p125@rails32/gems/actionpack-3.2.13/lib/action_dispatch/middleware/templates/rescues/routing_error.erb within rescues/layout (0.4ms)
Connecting to database specified by database.yml


Started GET "/api/hotels" for 127.0.0.1 at 2013-04-05 16:24:14 -0700

ActionController::RoutingError (uninitialized constant Api):
  activesupport (3.2.13) lib/active_support/inflector/methods.rb:230:in `block in constantize'
  activesupport (3.2.13) lib/active_support/inflector/methods.rb:229:in `each'
  activesupport (3.2.13) lib/active_support/inflector/methods.rb:229:in `constantize'
  actionpack (3.2.13) lib/action_dispatch/routing/route_set.rb:69:in `controller_reference'
  actionpack (3.2.13) lib/action_dispatch/routing/route_set.rb:54:in `controller'
  actionpack (3.2.13) lib/action_dispatch/routing/route_set.rb:32:in `call'
  journey (1.0.4) lib/journey/router.rb:68:in `block in call'
  journey (1.0.4) lib/journey/router.rb:56:in `each'
  journey (1.0.4) lib/journey/router.rb:56:in `call'
  actionpack (3.2.13) lib/action_dispatch/routing/route_set.rb:612:in `call'
  rack (1.4.5) lib/rack/etag.rb:23:in `call'
  rack (1.4.5) lib/rack/conditionalget.rb:25:in `call'
  actionpack (3.2.13) lib/action_dispatch/middleware/head.rb:14:in `call'
  actionpack (3.2.13) lib/action_dispatch/middleware/params_parser.rb:21:in `call'
  activerecord (3.2.13) lib/active_record/query_cache.rb:64:in `call'
  activerecord (3.2.13) lib/active_record/connection_adapters/abstract/connection_pool.rb:479:in `call'
  actionpack (3.2.13) lib/action_dispatch/middleware/callbacks.rb:28:in `block in call'
  activesupport (3.2.13) lib/active_support/callbacks.rb:405:in `_run__1899185315894608202__call__3114775684049732550__callbacks'
  activesupport (3.2.13) lib/active_support/callbacks.rb:405:in `__run_callback'
  activesupport (3.2.13) lib/active_support/callbacks.rb:385:in `_run_call_callbacks'
  activesupport (3.2.13) lib/active_support/callbacks.rb:81:in `run_callbacks'
  actionpack (3.2.13) lib/action_dispatch/middleware/callbacks.rb:27:in `call'
  actionpack (3.2.13) lib/action_dispatch/middleware/reloader.rb:65:in `call'
  actionpack (3.2.13) lib/action_dispatch/middleware/remote_ip.rb:31:in `call'
  actionpack (3.2.13) lib/action_dispatch/middleware/debug_exceptions.rb:16:in `call'
  actionpack (3.2.13) lib/action_dispatch/middleware/show_exceptions.rb:56:in `call'
  railties (3.2.13) lib/rails/rack/logger.rb:32:in `call_app'
  railties (3.2.13) lib/rails/rack/logger.rb:16:in `block in call'
  activesupport (3.2.13) lib/active_support/tagged_logging.rb:22:in `tagged'
  railties (3.2.13) lib/rails/rack/logger.rb:16:in `call'
  actionpack (3.2.13) lib/action_dispatch/middleware/request_id.rb:22:in `call'
  rack (1.4.5) lib/rack/runtime.rb:17:in `call'
  activesupport (3.2.13) lib/active_support/cache/strategy/local_cache.rb:72:in `call'
  rack (1.4.5) lib/rack/lock.rb:15:in `call'
  actionpack (3.2.13) lib/action_dispatch/middleware/static.rb:63:in `call'
  railties (3.2.13) lib/rails/engine.rb:479:in `call'
  railties (3.2.13) lib/rails/application.rb:223:in `call'
  rack (1.4.5) lib/rack/content_length.rb:14:in `call'
  railties (3.2.13) lib/rails/rack/log_tailer.rb:17:in `call'
  rack (1.4.5) lib/rack/handler/webrick.rb:59:in `service'
  /Users/michael/.rvm/rubies/ruby-1.9.3-p125/lib/ruby/1.9.1/webrick/httpserver.rb:138:in `service'
  /Users/michael/.rvm/rubies/ruby-1.9.3-p125/lib/ruby/1.9.1/webrick/httpserver.rb:94:in `run'
  /Users/michael/.rvm/rubies/ruby-1.9.3-p125/lib/ruby/1.9.1/webrick/server.rb:191:in `block in start_thread'


  Rendered /Users/michael/.rvm/gems/ruby-1.9.3-p125@rails32/gems/actionpack-3.2.13/lib/action_dispatch/middleware/templates/rescues/routing_error.erb within rescues/layout (1.3ms)


Started GET "/api/hotels" for 127.0.0.1 at 2013-04-05 16:24:34 -0700

ActionController::RoutingError (uninitialized constant Api):
  activesupport (3.2.13) lib/active_support/inflector/methods.rb:230:in `block in constantize'
  activesupport (3.2.13) lib/active_support/inflector/methods.rb:229:in `each'
  activesupport (3.2.13) lib/active_support/inflector/methods.rb:229:in `constantize'
  actionpack (3.2.13) lib/action_dispatch/routing/route_set.rb:69:in `controller_reference'
  actionpack (3.2.13) lib/action_dispatch/routing/route_set.rb:54:in `controller'
  actionpack (3.2.13) lib/action_dispatch/routing/route_set.rb:32:in `call'
  journey (1.0.4) lib/journey/router.rb:68:in `block in call'
  journey (1.0.4) lib/journey/router.rb:56:in `each'
  journey (1.0.4) lib/journey/router.rb:56:in `call'
  actionpack (3.2.13) lib/action_dispatch/routing/route_set.rb:612:in `call'
  rack (1.4.5) lib/rack/etag.rb:23:in `call'
  rack (1.4.5) lib/rack/conditionalget.rb:25:in `call'
  actionpack (3.2.13) lib/action_dispatch/middleware/head.rb:14:in `call'
  actionpack (3.2.13) lib/action_dispatch/middleware/params_parser.rb:21:in `call'
  activerecord (3.2.13) lib/active_record/query_cache.rb:64:in `call'
  activerecord (3.2.13) lib/active_record/connection_adapters/abstract/connection_pool.rb:479:in `call'
  actionpack (3.2.13) lib/action_dispatch/middleware/callbacks.rb:28:in `block in call'
  activesupport (3.2.13) lib/active_support/callbacks.rb:405:in `_run__1899185315894608202__call__3114775684049732550__callbacks'
  activesupport (3.2.13) lib/active_support/callbacks.rb:405:in `__run_callback'
  activesupport (3.2.13) lib/active_support/callbacks.rb:385:in `_run_call_callbacks'
  activesupport (3.2.13) lib/active_support/callbacks.rb:81:in `run_callbacks'
  actionpack (3.2.13) lib/action_dispatch/middleware/callbacks.rb:27:in `call'
  actionpack (3.2.13) lib/action_dispatch/middleware/reloader.rb:65:in `call'
  actionpack (3.2.13) lib/action_dispatch/middleware/remote_ip.rb:31:in `call'
  actionpack (3.2.13) lib/action_dispatch/middleware/debug_exceptions.rb:16:in `call'
  actionpack (3.2.13) lib/action_dispatch/middleware/show_exceptions.rb:56:in `call'
  railties (3.2.13) lib/rails/rack/logger.rb:32:in `call_app'
  railties (3.2.13) lib/rails/rack/logger.rb:16:in `block in call'
  activesupport (3.2.13) lib/active_support/tagged_logging.rb:22:in `tagged'
  railties (3.2.13) lib/rails/rack/logger.rb:16:in `call'
  actionpack (3.2.13) lib/action_dispatch/middleware/request_id.rb:22:in `call'
  rack (1.4.5) lib/rack/runtime.rb:17:in `call'
  activesupport (3.2.13) lib/active_support/cache/strategy/local_cache.rb:72:in `call'
  rack (1.4.5) lib/rack/lock.rb:15:in `call'
  actionpack (3.2.13) lib/action_dispatch/middleware/static.rb:63:in `call'
  railties (3.2.13) lib/rails/engine.rb:479:in `call'
  railties (3.2.13) lib/rails/application.rb:223:in `call'
  rack (1.4.5) lib/rack/content_length.rb:14:in `call'
  railties (3.2.13) lib/rails/rack/log_tailer.rb:17:in `call'
  rack (1.4.5) lib/rack/handler/webrick.rb:59:in `service'
  /Users/michael/.rvm/rubies/ruby-1.9.3-p125/lib/ruby/1.9.1/webrick/httpserver.rb:138:in `service'
  /Users/michael/.rvm/rubies/ruby-1.9.3-p125/lib/ruby/1.9.1/webrick/httpserver.rb:94:in `run'
  /Users/michael/.rvm/rubies/ruby-1.9.3-p125/lib/ruby/1.9.1/webrick/server.rb:191:in `block in start_thread'


  Rendered /Users/michael/.rvm/gems/ruby-1.9.3-p125@rails32/gems/actionpack-3.2.13/lib/action_dispatch/middleware/templates/rescues/routing_error.erb within rescues/layout (0.4ms)
Connecting to database specified by database.yml
Connecting to database specified by database.yml


Started GET "/api/hotels" for 127.0.0.1 at 2013-04-05 16:45:35 -0700

ActionController::RoutingError (uninitialized constant Api):
  activesupport (3.2.13) lib/active_support/inflector/methods.rb:230:in `block in constantize'
  activesupport (3.2.13) lib/active_support/inflector/methods.rb:229:in `each'
  activesupport (3.2.13) lib/active_support/inflector/methods.rb:229:in `constantize'
  actionpack (3.2.13) lib/action_dispatch/routing/route_set.rb:69:in `controller_reference'
  actionpack (3.2.13) lib/action_dispatch/routing/route_set.rb:54:in `controller'
  actionpack (3.2.13) lib/action_dispatch/routing/route_set.rb:32:in `call'
  journey (1.0.4) lib/journey/router.rb:68:in `block in call'
  journey (1.0.4) lib/journey/router.rb:56:in `each'
  journey (1.0.4) lib/journey/router.rb:56:in `call'
  actionpack (3.2.13) lib/action_dispatch/routing/route_set.rb:612:in `call'
  rack (1.4.5) lib/rack/etag.rb:23:in `call'
  rack (1.4.5) lib/rack/conditionalget.rb:25:in `call'
  actionpack (3.2.13) lib/action_dispatch/middleware/head.rb:14:in `call'
  actionpack (3.2.13) lib/action_dispatch/middleware/params_parser.rb:21:in `call'
  activerecord (3.2.13) lib/active_record/query_cache.rb:64:in `call'
  activerecord (3.2.13) lib/active_record/connection_adapters/abstract/connection_pool.rb:479:in `call'
  actionpack (3.2.13) lib/action_dispatch/middleware/callbacks.rb:28:in `block in call'
  activesupport (3.2.13) lib/active_support/callbacks.rb:405:in `_run__1617484976209107893__call__587076734890629232__callbacks'
  activesupport (3.2.13) lib/active_support/callbacks.rb:405:in `__run_callback'
  activesupport (3.2.13) lib/active_support/callbacks.rb:385:in `_run_call_callbacks'
  activesupport (3.2.13) lib/active_support/callbacks.rb:81:in `run_callbacks'
  actionpack (3.2.13) lib/action_dispatch/middleware/callbacks.rb:27:in `call'
  actionpack (3.2.13) lib/action_dispatch/middleware/reloader.rb:65:in `call'
  actionpack (3.2.13) lib/action_dispatch/middleware/remote_ip.rb:31:in `call'
  actionpack (3.2.13) lib/action_dispatch/middleware/debug_exceptions.rb:16:in `call'
  actionpack (3.2.13) lib/action_dispatch/middleware/show_exceptions.rb:56:in `call'
  railties (3.2.13) lib/rails/rack/logger.rb:32:in `call_app'
  railties (3.2.13) lib/rails/rack/logger.rb:16:in `block in call'
  activesupport (3.2.13) lib/active_support/tagged_logging.rb:22:in `tagged'
  railties (3.2.13) lib/rails/rack/logger.rb:16:in `call'
  actionpack (3.2.13) lib/action_dispatch/middleware/request_id.rb:22:in `call'
  rack (1.4.5) lib/rack/runtime.rb:17:in `call'
  activesupport (3.2.13) lib/active_support/cache/strategy/local_cache.rb:72:in `call'
  rack (1.4.5) lib/rack/lock.rb:15:in `call'
  actionpack (3.2.13) lib/action_dispatch/middleware/static.rb:63:in `call'
  railties (3.2.13) lib/rails/engine.rb:479:in `call'
  railties (3.2.13) lib/rails/application.rb:223:in `call'
  rack (1.4.5) lib/rack/content_length.rb:14:in `call'
  railties (3.2.13) lib/rails/rack/log_tailer.rb:17:in `call'
  rack (1.4.5) lib/rack/handler/webrick.rb:59:in `service'
  /Users/michael/.rvm/rubies/ruby-1.9.3-p125/lib/ruby/1.9.1/webrick/httpserver.rb:138:in `service'
  /Users/michael/.rvm/rubies/ruby-1.9.3-p125/lib/ruby/1.9.1/webrick/httpserver.rb:94:in `run'
  /Users/michael/.rvm/rubies/ruby-1.9.3-p125/lib/ruby/1.9.1/webrick/server.rb:191:in `block in start_thread'


  Rendered /Users/michael/.rvm/gems/ruby-1.9.3-p125@rails32/gems/actionpack-3.2.13/lib/action_dispatch/middleware/templates/rescues/routing_error.erb within rescues/layout (1.2ms)
Connecting to database specified by database.yml


Started GET "/api/hotels" for 127.0.0.1 at 2013-04-05 16:47:22 -0700

LoadError (Expected /Users/michael/projects/hotelinsider-api/app/controllers/api/application_controller.rb to define Api::ApplicationController):
  app/controllers/api/hotels_controller.rb:2:in `<module:Api>'
  app/controllers/api/hotels_controller.rb:1:in `<top (required)>'


  Rendered /Users/michael/.rvm/gems/ruby-1.9.3-p125@rails32/gems/actionpack-3.2.13/lib/action_dispatch/middleware/templates/rescues/_trace.erb (0.9ms)
  Rendered /Users/michael/.rvm/gems/ruby-1.9.3-p125@rails32/gems/actionpack-3.2.13/lib/action_dispatch/middleware/templates/rescues/_request_and_response.erb (1.5ms)
  Rendered /Users/michael/.rvm/gems/ruby-1.9.3-p125@rails32/gems/actionpack-3.2.13/lib/action_dispatch/middleware/templates/rescues/diagnostics.erb within rescues/layout (8.4ms)


Started GET "/api/hotels" for 127.0.0.1 at 2013-04-05 16:48:14 -0700
Processing by Api::HotelsController#index as JSON
  [1m[36mHotel Load (0.1ms)[0m  [1mSELECT "hotels".* FROM "hotels" [0m
Completed 200 OK in 18ms (Views: 2.3ms | ActiveRecord: 1.0ms)


Started GET "/api/hotels" for 127.0.0.1 at 2013-04-05 16:48:29 -0700
Processing by Api::HotelsController#index as JSON
  [1m[35mHotel Load (0.1ms)[0m  SELECT "hotels".* FROM "hotels" 
Completed 200 OK in 2ms (Views: 0.8ms | ActiveRecord: 0.1ms)


Started GET "/api/hotels" for 127.0.0.1 at 2013-04-05 16:48:54 -0700
Processing by Api::HotelsController#index as JSON
  [1m[36mHotel Load (0.1ms)[0m  [1mSELECT "hotels".* FROM "hotels" [0m
Completed 200 OK in 1ms (Views: 0.7ms | ActiveRecord: 0.1ms)


Started GET "/api/hotels" for 127.0.0.1 at 2013-04-05 16:49:04 -0700
Processing by Api::HotelsController#index as JSON
  [1m[35mHotel Load (0.2ms)[0m  SELECT "hotels".* FROM "hotels" 
Completed 200 OK in 2ms (Views: 1.1ms | ActiveRecord: 0.2ms)


Started GET "/api/hotels" for 127.0.0.1 at 2013-04-05 16:49:08 -0700
Processing by Api::HotelsController#index as JSON
  [1m[36mHotel Load (0.1ms)[0m  [1mSELECT "hotels".* FROM "hotels" [0m
Completed 200 OK in 2ms (Views: 0.9ms | ActiveRecord: 0.1ms)
Connecting to database specified by database.yml


Started GET "/api/hotels" for 127.0.0.1 at 2013-04-05 16:51:41 -0700
Processing by Api::HotelsController#index as JSON
  [1m[35mHotel Load (0.1ms)[0m  SELECT "hotels".* FROM "hotels" 
Completed 200 OK in 1ms (Views: 0.8ms | ActiveRecord: 0.1ms)


Started POST "/api/hotels" for 127.0.0.1 at 2013-04-05 16:51:48 -0700
Processing by Api::HotelsController#create as JSON
  Parameters: {"hotel"=>{"name"=>"Bonhomie"}}
  [1m[36m (0.0ms)[0m  [1mbegin transaction[0m
  [1m[35mSQL (2.1ms)[0m  INSERT INTO "hotels" ("created_at", "name", "updated_at") VALUES (?, ?, ?)  [["created_at", Fri, 05 Apr 2013 23:51:48 UTC +00:00], ["name", "Bonhomie"], ["updated_at", Fri, 05 Apr 2013 23:51:48 UTC +00:00]]
  [1m[36m (1.9ms)[0m  [1mcommit transaction[0m
Completed 500 Internal Server Error in 7ms

NoMethodError (undefined method `hotel_url' for #<Api::HotelsController:0x007fe7bbff0938>):
  app/controllers/api/hotels_controller.rb:25:in `create'


  Rendered /Users/michael/.rvm/gems/ruby-1.9.3-p125@rails32/gems/actionpack-3.2.13/lib/action_dispatch/middleware/templates/rescues/_trace.erb (0.8ms)
  Rendered /Users/michael/.rvm/gems/ruby-1.9.3-p125@rails32/gems/actionpack-3.2.13/lib/action_dispatch/middleware/templates/rescues/_request_and_response.erb (0.6ms)
  Rendered /Users/michael/.rvm/gems/ruby-1.9.3-p125@rails32/gems/actionpack-3.2.13/lib/action_dispatch/middleware/templates/rescues/diagnostics.erb within rescues/layout (5.0ms)


Started GET "/api/hotels" for 127.0.0.1 at 2013-04-05 16:52:29 -0700
Processing by Api::HotelsController#index as JSON
  [1m[35mHotel Load (0.1ms)[0m  SELECT "hotels".* FROM "hotels" 
Completed 200 OK in 2ms (Views: 1.0ms | ActiveRecord: 0.1ms)


Started GET "/api/hotels" for 127.0.0.1 at 2013-04-05 16:52:53 -0700
Processing by Api::HotelsController#index as JSON
  [1m[36mHotel Load (0.1ms)[0m  [1mSELECT "hotels".* FROM "hotels" [0m
Completed 200 OK in 2ms (Views: 1.0ms | ActiveRecord: 0.1ms)


Started GET "/api/hotels" for 127.0.0.1 at 2013-04-05 16:53:05 -0700
Processing by Api::HotelsController#index as JSON
  [1m[35mHotel Load (0.2ms)[0m  SELECT "hotels".* FROM "hotels" 
Completed 200 OK in 2ms (Views: 1.0ms | ActiveRecord: 0.2ms)


Started GET "/api/hotels" for 127.0.0.1 at 2013-04-05 16:53:18 -0700
Processing by Api::HotelsController#index as JSON
  [1m[36mHotel Load (0.1ms)[0m  [1mSELECT "hotels".* FROM "hotels" [0m
Completed 200 OK in 2ms (Views: 1.0ms | ActiveRecord: 0.1ms)
Connecting to database specified by database.yml


Started GET "/api/hotels" for 127.0.0.1 at 2013-04-05 16:54:02 -0700
Processing by Api::HotelsController#index as JSON
  [1m[35mHotel Load (0.1ms)[0m  SELECT "hotels".* FROM "hotels" 
Completed 200 OK in 2ms (Views: 0.9ms | ActiveRecord: 0.1ms)


Started GET "/api/hotels" for 127.0.0.1 at 2013-04-05 16:54:27 -0700
Processing by Api::HotelsController#index as JSON
  [1m[36mHotel Load (0.1ms)[0m  [1mSELECT "hotels".* FROM "hotels" [0m
Completed 200 OK in 1ms (Views: 0.9ms | ActiveRecord: 0.1ms)


Started GET "/api/hotels" for 127.0.0.1 at 2013-04-05 16:54:45 -0700
Processing by Api::HotelsController#index as JSON
  [1m[35mHotel Load (0.2ms)[0m  SELECT "hotels".* FROM "hotels" 
Completed 200 OK in 2ms (Views: 1.7ms | ActiveRecord: 0.2ms)
Connecting to database specified by database.yml


Started GET "/api/hotels" for 127.0.0.1 at 2013-04-05 16:57:22 -0700
Processing by Api::HotelsController#index as JSON
  [1m[36mHotel Load (0.1ms)[0m  [1mSELECT "hotels".* FROM "hotels" [0m
Completed 200 OK in 2ms (Views: 1.0ms | ActiveRecord: 0.1ms)


Started GET "/api/hotels" for 127.0.0.1 at 2013-04-05 16:58:15 -0700
Processing by Api::HotelsController#index as JSON
  [1m[35mHotel Load (0.1ms)[0m  SELECT "hotels".* FROM "hotels" 
Completed 200 OK in 2ms (Views: 1.0ms | ActiveRecord: 0.1ms)


Started GET "/api/hotels" for 127.0.0.1 at 2013-04-05 16:58:35 -0700
Processing by Api::HotelsController#index as JSON
  [1m[36mHotel Load (0.1ms)[0m  [1mSELECT "hotels".* FROM "hotels" [0m
Completed 200 OK in 1ms (Views: 0.9ms | ActiveRecord: 0.1ms)


Started GET "/api/hotels" for 127.0.0.1 at 2013-04-05 16:59:09 -0700
Processing by Api::HotelsController#index as JSON
  [1m[35mHotel Load (0.1ms)[0m  SELECT "hotels".* FROM "hotels" 
Completed 200 OK in 2ms (Views: 1.0ms | ActiveRecord: 0.1ms)


Started POST "/api/hotels" for 127.0.0.1 at 2013-04-05 16:59:18 -0700
Processing by Api::HotelsController#create as JSON
  Parameters: {"hotel"=>{"name"=>"Murray"}}
  [1m[36m (0.1ms)[0m  [1mbegin transaction[0m
  [1m[35mSQL (0.4ms)[0m  INSERT INTO "hotels" ("created_at", "name", "updated_at") VALUES (?, ?, ?)  [["created_at", Fri, 05 Apr 2013 23:59:18 UTC +00:00], ["name", "Murray"], ["updated_at", Fri, 05 Apr 2013 23:59:18 UTC +00:00]]
  [1m[36m (1.8ms)[0m  [1mcommit transaction[0m
Completed 500 Internal Server Error in 4ms

NoMethodError (undefined method `hotel_url' for #<Api::HotelsController:0x007fe7c00110f8>):
  app/controllers/api/hotels_controller.rb:25:in `create'


  Rendered /Users/michael/.rvm/gems/ruby-1.9.3-p125@rails32/gems/actionpack-3.2.13/lib/action_dispatch/middleware/templates/rescues/_trace.erb (0.9ms)
  Rendered /Users/michael/.rvm/gems/ruby-1.9.3-p125@rails32/gems/actionpack-3.2.13/lib/action_dispatch/middleware/templates/rescues/_request_and_response.erb (0.7ms)
  Rendered /Users/michael/.rvm/gems/ruby-1.9.3-p125@rails32/gems/actionpack-3.2.13/lib/action_dispatch/middleware/templates/rescues/diagnostics.erb within rescues/layout (6.4ms)


Started GET "/api/hotels" for 127.0.0.1 at 2013-04-05 17:01:12 -0700
Processing by Api::HotelsController#index as JSON
  [1m[35mHotel Load (0.1ms)[0m  SELECT "hotels".* FROM "hotels" 
Completed 200 OK in 2ms (Views: 1.2ms | ActiveRecord: 0.1ms)
Connecting to database specified by database.yml
Connecting to database specified by database.yml
Connecting to database specified by database.yml
Connecting to database specified by database.yml


Started GET "/api/hotels" for 127.0.0.1 at 2013-04-05 17:41:51 -0700

ActionController::RoutingError (No route matches [GET] "/api/hotels"):
  actionpack (3.2.13) lib/action_dispatch/middleware/debug_exceptions.rb:21:in `call'
  actionpack (3.2.13) lib/action_dispatch/middleware/show_exceptions.rb:56:in `call'
  railties (3.2.13) lib/rails/rack/logger.rb:32:in `call_app'
  railties (3.2.13) lib/rails/rack/logger.rb:16:in `block in call'
  activesupport (3.2.13) lib/active_support/tagged_logging.rb:22:in `tagged'
  railties (3.2.13) lib/rails/rack/logger.rb:16:in `call'
  actionpack (3.2.13) lib/action_dispatch/middleware/request_id.rb:22:in `call'
  rack (1.4.5) lib/rack/runtime.rb:17:in `call'
  activesupport (3.2.13) lib/active_support/cache/strategy/local_cache.rb:72:in `call'
  rack (1.4.5) lib/rack/lock.rb:15:in `call'
  actionpack (3.2.13) lib/action_dispatch/middleware/static.rb:63:in `call'
  railties (3.2.13) lib/rails/engine.rb:479:in `call'
  railties (3.2.13) lib/rails/application.rb:223:in `call'
  rack (1.4.5) lib/rack/content_length.rb:14:in `call'
  railties (3.2.13) lib/rails/rack/log_tailer.rb:17:in `call'
  rack (1.4.5) lib/rack/handler/webrick.rb:59:in `service'
  /Users/michael/.rvm/rubies/ruby-1.9.3-p125/lib/ruby/1.9.1/webrick/httpserver.rb:138:in `service'
  /Users/michael/.rvm/rubies/ruby-1.9.3-p125/lib/ruby/1.9.1/webrick/httpserver.rb:94:in `run'
  /Users/michael/.rvm/rubies/ruby-1.9.3-p125/lib/ruby/1.9.1/webrick/server.rb:191:in `block in start_thread'


  Rendered /Users/michael/.rvm/gems/ruby-1.9.3-p125@rails32/gems/actionpack-3.2.13/lib/action_dispatch/middleware/templates/rescues/routing_error.erb within rescues/layout (1.2ms)


Started GET "/hotels" for 127.0.0.1 at 2013-04-05 17:42:20 -0700
Processing by V1::HotelsController#index as JSON
  [1m[36mHotel Load (0.1ms)[0m  [1mSELECT "hotels".* FROM "hotels" [0m
Completed 200 OK in 33ms (Views: 4.6ms | ActiveRecord: 14.5ms)


Started GET "/v1/hotels" for 127.0.0.1 at 2013-04-05 17:42:29 -0700

ActionController::RoutingError (No route matches [GET] "/v1/hotels"):
  actionpack (3.2.13) lib/action_dispatch/middleware/debug_exceptions.rb:21:in `call'
  actionpack (3.2.13) lib/action_dispatch/middleware/show_exceptions.rb:56:in `call'
  railties (3.2.13) lib/rails/rack/logger.rb:32:in `call_app'
  railties (3.2.13) lib/rails/rack/logger.rb:16:in `block in call'
  activesupport (3.2.13) lib/active_support/tagged_logging.rb:22:in `tagged'
  railties (3.2.13) lib/rails/rack/logger.rb:16:in `call'
  actionpack (3.2.13) lib/action_dispatch/middleware/request_id.rb:22:in `call'
  rack (1.4.5) lib/rack/runtime.rb:17:in `call'
  activesupport (3.2.13) lib/active_support/cache/strategy/local_cache.rb:72:in `call'
  rack (1.4.5) lib/rack/lock.rb:15:in `call'
  actionpack (3.2.13) lib/action_dispatch/middleware/static.rb:63:in `call'
  railties (3.2.13) lib/rails/engine.rb:479:in `call'
  railties (3.2.13) lib/rails/application.rb:223:in `call'
  rack (1.4.5) lib/rack/content_length.rb:14:in `call'
  railties (3.2.13) lib/rails/rack/log_tailer.rb:17:in `call'
  rack (1.4.5) lib/rack/handler/webrick.rb:59:in `service'
  /Users/michael/.rvm/rubies/ruby-1.9.3-p125/lib/ruby/1.9.1/webrick/httpserver.rb:138:in `service'
  /Users/michael/.rvm/rubies/ruby-1.9.3-p125/lib/ruby/1.9.1/webrick/httpserver.rb:94:in `run'
  /Users/michael/.rvm/rubies/ruby-1.9.3-p125/lib/ruby/1.9.1/webrick/server.rb:191:in `block in start_thread'


  Rendered /Users/michael/.rvm/gems/ruby-1.9.3-p125@rails32/gems/actionpack-3.2.13/lib/action_dispatch/middleware/templates/rescues/routing_error.erb within rescues/layout (0.5ms)


Started GET "/hotels" for 127.0.0.1 at 2013-04-05 17:42:45 -0700
Processing by V1::HotelsController#index as JSON
  [1m[35mHotel Load (0.2ms)[0m  SELECT "hotels".* FROM "hotels" 
Completed 200 OK in 2ms (Views: 1.3ms | ActiveRecord: 0.2ms)


Started GET "/hotels/1" for 127.0.0.1 at 2013-04-05 17:43:14 -0700
Processing by V1::HotelsController#show as JSON
  Parameters: {"id"=>"1"}
  [1m[36mHotel Load (0.2ms)[0m  [1mSELECT "hotels".* FROM "hotels" WHERE "hotels"."id" = ? LIMIT 1[0m  [["id", "1"]]
Completed 200 OK in 2ms (Views: 0.3ms | ActiveRecord: 0.2ms)


Started GET "/hotels/5" for 127.0.0.1 at 2013-04-05 17:43:19 -0700
Processing by V1::HotelsController#show as JSON
  Parameters: {"id"=>"5"}
  [1m[35mHotel Load (0.1ms)[0m  SELECT "hotels".* FROM "hotels" WHERE "hotels"."id" = ? LIMIT 1  [["id", "5"]]
Completed 200 OK in 1ms (Views: 0.3ms | ActiveRecord: 0.1ms)


Started GET "/hotels/" for 127.0.0.1 at 2013-04-05 17:43:27 -0700
Processing by V1::HotelsController#index as JSON
  [1m[36mHotel Load (0.1ms)[0m  [1mSELECT "hotels".* FROM "hotels" [0m
Completed 200 OK in 2ms (Views: 1.2ms | ActiveRecord: 0.1ms)


Started GET "/hotels/version=1" for 127.0.0.1 at 2013-04-05 17:43:35 -0700
Processing by V1::HotelsController#show as JSON
  Parameters: {"id"=>"version=1"}
  [1m[35mHotel Load (0.1ms)[0m  SELECT "hotels".* FROM "hotels" WHERE "hotels"."id" = ? LIMIT 1  [["id", "version=1"]]
Completed 404 Not Found in 1ms

ActiveRecord::RecordNotFound (Couldn't find Hotel with id=version=1):
  app/controllers/v1/hotels_controller.rb:14:in `show'


  Rendered /Users/michael/.rvm/gems/ruby-1.9.3-p125@rails32/gems/actionpack-3.2.13/lib/action_dispatch/middleware/templates/rescues/_trace.erb (0.8ms)
  Rendered /Users/michael/.rvm/gems/ruby-1.9.3-p125@rails32/gems/actionpack-3.2.13/lib/action_dispatch/middleware/templates/rescues/_request_and_response.erb (0.9ms)
  Rendered /Users/michael/.rvm/gems/ruby-1.9.3-p125@rails32/gems/actionpack-3.2.13/lib/action_dispatch/middleware/templates/rescues/diagnostics.erb within rescues/layout (5.5ms)


Started GET "/hotels?version=1" for 127.0.0.1 at 2013-04-05 17:43:47 -0700
Processing by V1::HotelsController#index as JSON
  Parameters: {"version"=>"1"}
  [1m[36mHotel Load (0.1ms)[0m  [1mSELECT "hotels".* FROM "hotels" [0m
Completed 200 OK in 2ms (Views: 1.2ms | ActiveRecord: 0.1ms)


Started GET "/hotels/1/?version=1" for 127.0.0.1 at 2013-04-05 17:44:02 -0700
Processing by V1::HotelsController#show as JSON
  Parameters: {"version"=>"1", "id"=>"1"}
  [1m[35mHotel Load (0.1ms)[0m  SELECT "hotels".* FROM "hotels" WHERE "hotels"."id" = ? LIMIT 1  [["id", "1"]]
Completed 200 OK in 1ms (Views: 0.4ms | ActiveRecord: 0.1ms)
Connecting to database specified by database.yml


Started GET "/hotels/1/?version=1" for 127.0.0.1 at 2013-04-05 17:45:47 -0700
Processing by V1::HotelsController#show as JSON
  Parameters: {"version"=>"1", "id"=>"1"}
  [1m[36mHotel Load (0.1ms)[0m  [1mSELECT "hotels".* FROM "hotels" WHERE "hotels"."id" = ? LIMIT 1[0m  [["id", "1"]]
Completed 200 OK in 30ms (Views: 1.3ms | ActiveRecord: 1.1ms)


Started GET "/hotels/1/" for 127.0.0.1 at 2013-04-05 17:46:31 -0700
Processing by V1::HotelsController#show as JSON
  Parameters: {"id"=>"1"}
  [1m[35mHotel Load (0.1ms)[0m  SELECT "hotels".* FROM "hotels" WHERE "hotels"."id" = ? LIMIT 1  [["id", "1"]]
Completed 200 OK in 1ms (Views: 0.4ms | ActiveRecord: 0.1ms)


Started GET "/hotels/" for 127.0.0.1 at 2013-04-05 17:47:19 -0700
Processing by V1::HotelsController#index as JSON
  [1m[36mHotel Load (0.1ms)[0m  [1mSELECT "hotels".* FROM "hotels" [0m
Completed 200 OK in 2ms (Views: 1.2ms | ActiveRecord: 0.1ms)


Started GET "/hotels" for 127.0.0.1 at 2013-04-05 17:47:47 -0700
Processing by V1::HotelsController#index as JSON
  [1m[35mHotel Load (0.1ms)[0m  SELECT "hotels".* FROM "hotels" 
Completed 200 OK in 2ms (Views: 1.0ms | ActiveRecord: 0.1ms)


Started GET "/hotels?version=1" for 127.0.0.1 at 2013-04-05 17:47:49 -0700
Processing by V1::HotelsController#index as JSON
  Parameters: {"version"=>"1"}
  [1m[36mHotel Load (0.1ms)[0m  [1mSELECT "hotels".* FROM "hotels" [0m
Completed 200 OK in 2ms (Views: 1.1ms | ActiveRecord: 0.1ms)


Started GET "/hotels/1?version=1" for 127.0.0.1 at 2013-04-05 17:52:08 -0700
Processing by V1::HotelsController#show as JSON
  Parameters: {"version"=>"1", "id"=>"1"}
  [1m[35mHotel Load (0.1ms)[0m  SELECT "hotels".* FROM "hotels" WHERE "hotels"."id" = ? LIMIT 1  [["id", "1"]]
Completed 200 OK in 1ms (Views: 0.3ms | ActiveRecord: 0.1ms)


Started GET "/api/hotels" for 127.0.0.1 at 2013-04-05 17:56:56 -0700

ActionController::RoutingError (No route matches [GET] "/api/hotels"):
  actionpack (3.2.13) lib/action_dispatch/middleware/debug_exceptions.rb:21:in `call'
  actionpack (3.2.13) lib/action_dispatch/middleware/show_exceptions.rb:56:in `call'
  railties (3.2.13) lib/rails/rack/logger.rb:32:in `call_app'
  railties (3.2.13) lib/rails/rack/logger.rb:16:in `block in call'
  activesupport (3.2.13) lib/active_support/tagged_logging.rb:22:in `tagged'
  railties (3.2.13) lib/rails/rack/logger.rb:16:in `call'
  actionpack (3.2.13) lib/action_dispatch/middleware/request_id.rb:22:in `call'
  rack (1.4.5) lib/rack/runtime.rb:17:in `call'
  activesupport (3.2.13) lib/active_support/cache/strategy/local_cache.rb:72:in `call'
  rack (1.4.5) lib/rack/lock.rb:15:in `call'
  actionpack (3.2.13) lib/action_dispatch/middleware/static.rb:63:in `call'
  railties (3.2.13) lib/rails/engine.rb:479:in `call'
  railties (3.2.13) lib/rails/application.rb:223:in `call'
  rack (1.4.5) lib/rack/content_length.rb:14:in `call'
  railties (3.2.13) lib/rails/rack/log_tailer.rb:17:in `call'
  rack (1.4.5) lib/rack/handler/webrick.rb:59:in `service'
  /Users/michael/.rvm/rubies/ruby-1.9.3-p125/lib/ruby/1.9.1/webrick/httpserver.rb:138:in `service'
  /Users/michael/.rvm/rubies/ruby-1.9.3-p125/lib/ruby/1.9.1/webrick/httpserver.rb:94:in `run'
  /Users/michael/.rvm/rubies/ruby-1.9.3-p125/lib/ruby/1.9.1/webrick/server.rb:191:in `block in start_thread'


  Rendered /Users/michael/.rvm/gems/ruby-1.9.3-p125@rails32/gems/actionpack-3.2.13/lib/action_dispatch/middleware/templates/rescues/routing_error.erb within rescues/layout (1.6ms)


Started GET "/hotels" for 127.0.0.1 at 2013-04-05 17:57:34 -0700
Processing by V1::HotelsController#index as JSON
  [1m[36mHotel Load (0.1ms)[0m  [1mSELECT "hotels".* FROM "hotels" [0m
Completed 200 OK in 2ms (Views: 1.1ms | ActiveRecord: 0.1ms)
